<?xml version="1.0" encoding="UTF-8"?>
<!-- Generated by org.testng.reporters.JUnitXMLReporter -->
<testsuite hostname="sys" name="Rambo" tests="20" failures="0" timestamp="11 Dec 2016 02:57:08 GMT" time="0.173" errors="0">
  <testcase name="testMethod" time="0.0" classname="com.rediff.utill.XmlSuiteAndtestNgAPI$MyTestClass"/>
  <testcase name="testMethod" time="0.001" classname="com.rediff.utill.XmlSuiteAndtestNgAPI$MyTestClass"/>
  <testcase name="testMethod" time="0.001" classname="com.rediff.utill.XmlSuiteAndtestNgAPI$MyTestClass"/>
  <testcase name="testMethod" time="0.001" classname="com.rediff.utill.XmlSuiteAndtestNgAPI$MyTestClass"/>
  <testcase name="testMethod" time="0.0" classname="com.rediff.utill.XmlSuiteAndtestNgAPI$MyTestClass"/>
  <testcase name="testMethod" time="0.009" classname="com.rediff.utill.XmlSuiteAndtestNgAPI$MyTestClass"/>
  <testcase name="testMethod" time="0.001" classname="com.rediff.utill.XmlSuiteAndtestNgAPI$MyTestClass"/>
  <testcase name="testMethod" time="0.001" classname="com.rediff.utill.XmlSuiteAndtestNgAPI$MyTestClass"/>
  <testcase name="testMethod" time="0.002" classname="com.rediff.utill.XmlSuiteAndtestNgAPI$MyTestClass"/>
  <testcase name="testMethod" time="0.0" classname="com.rediff.utill.XmlSuiteAndtestNgAPI$MyTestClass"/>
  <testcase name="testMethod" time="0.0" classname="com.rediff.utill.XmlSuiteAndtestNgAPI$MyTestClass"/>
  <testcase name="testMethod" time="0.001" classname="com.rediff.utill.XmlSuiteAndtestNgAPI$MyTestClass"/>
  <testcase name="testMethod" time="0.0" classname="com.rediff.utill.XmlSuiteAndtestNgAPI$MyTestClass"/>
  <testcase name="testMethod" time="0.001" classname="com.rediff.utill.XmlSuiteAndtestNgAPI$MyTestClass"/>
  <testcase name="testMethod" time="0.001" classname="com.rediff.utill.XmlSuiteAndtestNgAPI$MyTestClass"/>
  <testcase name="testMethod" time="0.001" classname="com.rediff.utill.XmlSuiteAndtestNgAPI$MyTestClass"/>
  <testcase name="testMethod" time="0.001" classname="com.rediff.utill.XmlSuiteAndtestNgAPI$MyTestClass"/>
  <testcase name="testMethod" time="0.001" classname="com.rediff.utill.XmlSuiteAndtestNgAPI$MyTestClass"/>
  <testcase name="testMethod" time="0.001" classname="com.rediff.utill.XmlSuiteAndtestNgAPI$MyTestClass"/>
  <testcase name="testMethod" time="0.001" classname="com.rediff.utill.XmlSuiteAndtestNgAPI$MyTestClass"/>
</testsuite> <!-- Rambo -->
