<?xml version="1.0" encoding="UTF-8"?>
<testng-results skipped="0" failed="0" total="1" passed="1">
  <reporter-output>
  </reporter-output>
  <suite name="Default suite" duration-ms="112196" started-at="2017-01-07T21:46:25Z" finished-at="2017-01-07T21:48:17Z">
    <groups>
    </groups>
    <test name="Default test" duration-ms="112196" started-at="2017-01-07T21:46:25Z" finished-at="2017-01-07T21:48:17Z">
      <class name="com.reiff.testcases.RunTest">
        <test-method status="PASS" signature="openBorwserAndUrl()[pri:0, instance:com.reiff.testcases.RunTest@6b2fad11]" name="openBorwserAndUrl" is-config="true" duration-ms="9777" started-at="2017-01-07T15:46:25Z" finished-at="2017-01-07T15:46:34Z">
          <reporter-output>
          </reporter-output>
        </test-method> <!-- openBorwserAndUrl -->
        <test-method status="PASS" signature="runTest()[pri:0, instance:com.reiff.testcases.RunTest@6b2fad11]" name="runTest" duration-ms="102379" started-at="2017-01-07T15:46:34Z" finished-at="2017-01-07T15:48:17Z">
          <reporter-output>
          </reporter-output>
        </test-method> <!-- runTest -->
      </class> <!-- com.reiff.testcases.RunTest -->
    </test> <!-- Default test -->
  </suite> <!-- Default suite -->
</testng-results>
